build/app/intermediates/manifest_merge_blame_file/release/manifest-merger-blame-release-report.txt
1<?xml version="1.0" encoding="utf-8"?>
2<manifest xmlns:android="http://schemas.android.com/apk/res/android"
3    package="com.remirubis.music_app"
4    android:versionCode="1"
5    android:versionName="1.0.0" >
6
7    <uses-sdk
8        android:minSdkVersion="16"
8-->src\main\AndroidManifest.xml
9        android:targetSdkVersion="30" />
9-->src\main\AndroidManifest.xml
10
11    <uses-permission android:name="android.permission.ACCESS_WIFI_STATE" />
11-->[:system_shortcuts] AndroidManifest.xml:7:5-76
11-->[:system_shortcuts] AndroidManifest.xml:7:22-73
12    <uses-permission android:name="android.permission.CHANGE_WIFI_STATE" />
12-->[:system_shortcuts] AndroidManifest.xml:8:5-76
12-->[:system_shortcuts] AndroidManifest.xml:8:22-73
13    <uses-permission android:name="android.permission.BLUETOOTH" />
13-->[:system_shortcuts] AndroidManifest.xml:9:5-68
13-->[:system_shortcuts] AndroidManifest.xml:9:22-65
14    <uses-permission android:name="android.permission.BLUETOOTH_ADMIN" />
14-->[:system_shortcuts] AndroidManifest.xml:10:5-74
14-->[:system_shortcuts] AndroidManifest.xml:10:22-71
15
16    <application
16-->src\main\AndroidManifest.xml:3:4-40:19
17        android:appComponentFactory="androidx.core.app.CoreComponentFactory"
17-->[androidx.core:core:1.1.0] AndroidManifest.xml:24:18-86
18        android:icon="@mipmap/ic_launcher"
18-->src\main\AndroidManifest.xml:5:9-43
19        android:label="music_app" >
19-->src\main\AndroidManifest.xml:4:9-34
20        <activity
20-->src\main\AndroidManifest.xml:6:9-34:20
21            android:name="com.remirubis.music_app.MainActivity"
21-->src\main\AndroidManifest.xml:7:13-41
22            android:configChanges="orientation|keyboardHidden|keyboard|screenSize|smallestScreenSize|locale|layoutDirection|fontScale|screenLayout|density|uiMode"
22-->src\main\AndroidManifest.xml:10:13-163
23            android:hardwareAccelerated="true"
23-->src\main\AndroidManifest.xml:11:13-47
24            android:launchMode="singleTop"
24-->src\main\AndroidManifest.xml:8:13-43
25            android:theme="@style/LaunchTheme"
25-->src\main\AndroidManifest.xml:9:13-47
26            android:windowSoftInputMode="adjustResize" >
26-->src\main\AndroidManifest.xml:12:13-55
27
28            <!--
29                 Specifies an Android theme to apply to this Activity as soon as
30                 the Android process has started. This theme is visible to the user
31                 while the Flutter UI initializes. After that, this theme continues
32                 to determine the Window background behind the Flutter UI.
33            -->
34            <meta-data
34-->src\main\AndroidManifest.xml:17:13-20:17
35                android:name="io.flutter.embedding.android.NormalTheme"
35-->src\main\AndroidManifest.xml:18:15-70
36                android:resource="@style/NormalTheme" />
36-->src\main\AndroidManifest.xml:19:15-52
37            <!--
38                 Displays an Android View that continues showing the launch screen
39                 Drawable until Flutter paints its first frame, then this splash
40                 screen fades out. A splash screen is useful to avoid any visual
41                 gap between the end of Android's launch screen and the painting of
42                 Flutter's first frame.
43            -->
44            <meta-data
44-->src\main\AndroidManifest.xml:26:13-29:17
45                android:name="io.flutter.embedding.android.SplashScreenDrawable"
45-->src\main\AndroidManifest.xml:27:15-79
46                android:resource="@drawable/launch_background" />
46-->src\main\AndroidManifest.xml:28:15-61
47
48            <intent-filter>
48-->src\main\AndroidManifest.xml:30:13-33:29
49                <action android:name="android.intent.action.MAIN" />
49-->src\main\AndroidManifest.xml:31:17-68
49-->src\main\AndroidManifest.xml:31:25-66
50
51                <category android:name="android.intent.category.LAUNCHER" />
51-->src\main\AndroidManifest.xml:32:17-76
51-->src\main\AndroidManifest.xml:32:27-74
52            </intent-filter>
53        </activity>
54        <!--
55             Don't delete the meta-data below.
56             This is used by the Flutter tool to generate GeneratedPluginRegistrant.java
57        -->
58        <meta-data
58-->src\main\AndroidManifest.xml:37:9-39:33
59            android:name="flutterEmbedding"
59-->src\main\AndroidManifest.xml:38:13-44
60            android:value="2" />
60-->src\main\AndroidManifest.xml:39:13-30
61    </application>
62
63</manifest>